mode: set
github.com/mohamed-elalem/struct-validator/required/required.go:10.103,12.18 2 1
github.com/mohamed-elalem/struct-validator/required/required.go:27.2,27.12 1 1
github.com/mohamed-elalem/struct-validator/required/required.go:13.22,14.23 1 1
github.com/mohamed-elalem/struct-validator/required/required.go:17.19,18.16 1 1
github.com/mohamed-elalem/struct-validator/required/required.go:21.10,22.32 1 1
github.com/mohamed-elalem/struct-validator/required/required.go:14.23,16.4 1 1
github.com/mohamed-elalem/struct-validator/required/required.go:18.16,20.4 1 1
github.com/mohamed-elalem/struct-validator/required/required.go:22.32,24.4 1 1
github.com/mohamed-elalem/struct-validator/required/required.go:30.13,32.2 1 1
